Started GET "/" for 127.0.0.1 at 2019-02-14 10:06:38 -0400
Processing by Rails::WelcomeController#index as HTML
  Rendering /Library/Ruby/Gems/2.3.0/gems/railties-5.2.2/lib/rails/templates/rails/welcome/index.html.erb
  Rendered /Library/Ruby/Gems/2.3.0/gems/railties-5.2.2/lib/rails/templates/rails/welcome/index.html.erb (4.9ms)
Completed 200 OK in 35ms (Views: 13.0ms | ActiveRecord: 0.0ms)


Started GET "/" for 127.0.0.1 at 2019-02-14 12:20:50 -0400
Processing by Rails::WelcomeController#index as HTML
  Rendering /Library/Ruby/Gems/2.3.0/gems/railties-5.2.2/lib/rails/templates/rails/welcome/index.html.erb
  Rendered /Library/Ruby/Gems/2.3.0/gems/railties-5.2.2/lib/rails/templates/rails/welcome/index.html.erb (3.8ms)
Completed 200 OK in 34ms (Views: 8.2ms | ActiveRecord: 0.0ms)


Started GET "/welcome" for 127.0.0.1 at 2019-02-14 12:20:56 -0400
  
ActionController::RoutingError (No route matches [GET] "/welcome"):
  
actionpack (5.2.2) lib/action_dispatch/middleware/debug_exceptions.rb:65:in `call'
web-console (3.7.0) lib/web_console/middleware.rb:135:in `call_app'
web-console (3.7.0) lib/web_console/middleware.rb:30:in `block in call'
web-console (3.7.0) lib/web_console/middleware.rb:20:in `catch'
web-console (3.7.0) lib/web_console/middleware.rb:20:in `call'
actionpack (5.2.2) lib/action_dispatch/middleware/show_exceptions.rb:33:in `call'
railties (5.2.2) lib/rails/rack/logger.rb:38:in `call_app'
railties (5.2.2) lib/rails/rack/logger.rb:26:in `block in call'
activesupport (5.2.2) lib/active_support/tagged_logging.rb:71:in `block in tagged'
activesupport (5.2.2) lib/active_support/tagged_logging.rb:28:in `tagged'
activesupport (5.2.2) lib/active_support/tagged_logging.rb:71:in `tagged'
railties (5.2.2) lib/rails/rack/logger.rb:26:in `call'
sprockets-rails (3.2.1) lib/sprockets/rails/quiet_assets.rb:13:in `call'
actionpack (5.2.2) lib/action_dispatch/middleware/remote_ip.rb:81:in `call'
actionpack (5.2.2) lib/action_dispatch/middleware/request_id.rb:27:in `call'
rack (2.0.6) lib/rack/method_override.rb:22:in `call'
rack (2.0.6) lib/rack/runtime.rb:22:in `call'
activesupport (5.2.2) lib/active_support/cache/strategy/local_cache_middleware.rb:29:in `call'
actionpack (5.2.2) lib/action_dispatch/middleware/executor.rb:14:in `call'
actionpack (5.2.2) lib/action_dispatch/middleware/static.rb:127:in `call'
rack (2.0.6) lib/rack/sendfile.rb:111:in `call'
railties (5.2.2) lib/rails/engine.rb:524:in `call'
puma (3.12.0) lib/puma/configuration.rb:225:in `call'
puma (3.12.0) lib/puma/server.rb:658:in `handle_request'
puma (3.12.0) lib/puma/server.rb:472:in `process_client'
puma (3.12.0) lib/puma/server.rb:332:in `block in run'
puma (3.12.0) lib/puma/thread_pool.rb:133:in `block in spawn_thread'
Started GET "/welcome/index.html" for 127.0.0.1 at 2019-02-14 12:21:07 -0400
Processing by WelcomeController#index as HTML
  Rendering welcome/index.html.erb within layouts/application
  Rendered welcome/index.html.erb within layouts/application (0.8ms)
Completed 200 OK in 688ms (Views: 685.7ms | ActiveRecord: 0.0ms)


Started GET "/" for 127.0.0.1 at 2019-02-14 12:22:14 -0400
Processing by WelcomeController#index as HTML
  Rendering welcome/index.html.erb within layouts/application
  Rendered welcome/index.html.erb within layouts/application (0.5ms)
Completed 200 OK in 30ms (Views: 26.7ms | ActiveRecord: 0.0ms)


Started GET "/" for 127.0.0.1 at 2019-02-14 12:22:17 -0400
Processing by WelcomeController#index as HTML
  Rendering welcome/index.html.erb within layouts/application
  Rendered welcome/index.html.erb within layouts/application (0.3ms)
Completed 200 OK in 23ms (Views: 20.9ms | ActiveRecord: 0.0ms)


